time="2024-02-20T00:03:58+08:00" level=error msg="ProposalResponsePayloads from Peers do not match"
time="2024-02-20T00:03:58+08:00" level=error msg="Err processing proposal: rpc error: code = Canceled desc = context canceled, status: unknown, addr: localhost:9051 \n"
time="2024-02-20T00:03:58+08:00" level=error msg="Err processing proposal: rpc error: code = Canceled desc = context canceled, status: unknown, addr: localhost:9051 \n"
time="2024-02-20T00:03:58+08:00" level=error msg="Err processing proposal: rpc error: code = Canceled desc = context canceled, status: unknown, addr: localhost:9051 \n"
time="2024-02-20T00:03:58+08:00" level=error msg="Err processing proposal: rpc error: code = Canceled desc = context canceled, status: unknown, addr: localhost:9051 \n"
time="2024-02-20T00:03:58+08:00" level=error msg="Err processing proposal: rpc error: code = Canceled desc = context canceled, status: unknown, addr: localhost:9051 \n"
time="2024-02-20T00:03:58+08:00" level=error msg="Err processing proposal: rpc error: code = Canceled desc = context canceled, status: unknown, addr: localhost:7051 \n"
time="2024-02-20T00:03:58+08:00" level=error msg="Err processing proposal: rpc error: code = Canceled desc = context canceled, status: unknown, addr: localhost:7051 \n"
time="2024-02-20T00:03:58+08:00" level=error msg="Err processing proposal: rpc error: code = Canceled desc = context canceled, status: unknown, addr: localhost:7051 \n"
time="2024-02-20T00:03:58+08:00" level=error msg="Err processing proposal: rpc error: code = Canceled desc = context canceled, status: unknown, addr: localhost:7051 \n"
time="2024-02-20T00:03:58+08:00" level=error msg="Err processing proposal: rpc error: code = Canceled desc = context canceled, status: unknown, addr: localhost:9051 \n"
time="2024-02-20T00:03:58+08:00" level=error msg="Err processing proposal: rpc error: code = Canceled desc = context canceled, status: unknown, addr: localhost:9051 \n"
time="2024-02-20T00:03:58+08:00" level=error msg="Err processing proposal: rpc error: code = Canceled desc = context canceled, status: unknown, addr: localhost:9051 \n"
time="2024-02-20T00:03:58+08:00" level=error msg="Err processing proposal: rpc error: code = Canceled desc = context canceled, status: unknown, addr: localhost:7051 \n"
time="2024-02-20T00:03:58+08:00" level=error msg="Err processing proposal: rpc error: code = Canceled desc = context canceled, status: unknown, addr: localhost:7051 \n"
time="2024-02-20T00:03:58+08:00" level=error msg="Err processing proposal: rpc error: code = Canceled desc = context canceled, status: unknown, addr: localhost:7051 \n"
time="2024-02-20T00:03:58+08:00" level=error msg="Err processing proposal: rpc error: code = Canceled desc = context canceled, status: unknown, addr: localhost:7051 \n"
time="2024-02-20T00:03:58+08:00" level=error msg="Err processing proposal: rpc error: code = Canceled desc = context canceled, status: unknown, addr: localhost:9051 \n"
time="2024-02-20T00:03:58+08:00" level=error msg="Err processing proposal: rpc error: code = Canceled desc = context canceled, status: unknown, addr: localhost:9051 \n"
time="2024-02-20T00:03:58+08:00" level=error msg="Err processing proposal: rpc error: code = Canceled desc = context canceled, status: unknown, addr: localhost:9051 \n"
time="2024-02-20T00:03:58+08:00" level=error msg="Err processing proposal: rpc error: code = Canceled desc = context canceled, status: unknown, addr: localhost:9051 \n"
time="2024-02-20T00:03:58+08:00" level=error msg="Err processing proposal: rpc error: code = Canceled desc = context canceled, status: unknown, addr: localhost:9051 \n"
time="2024-02-20T00:03:58+08:00" level=error msg="Err processing proposal: rpc error: code = Canceled desc = context canceled, status: unknown, addr: localhost:9051 \n"
time="2024-02-20T00:03:58+08:00" level=error msg="Err processing proposal: rpc error: code = Canceled desc = context canceled, status: unknown, addr: localhost:9051 \n"
time="2024-02-20T00:03:58+08:00" level=error msg="Err processing proposal: rpc error: code = Canceled desc = context canceled, status: unknown, addr: localhost:9051 \n"
time="2024-02-20T00:03:58+08:00" level=error msg="Err processing proposal: rpc error: code = Canceled desc = context canceled, status: unknown, addr: localhost:9051 \n"
time="2024-02-20T00:03:58+08:00" level=error msg="Err processing proposal: rpc error: code = Canceled desc = context canceled, status: unknown, addr: localhost:9051 \n"
time="2024-02-20T00:03:58+08:00" level=error msg="Err processing proposal: rpc error: code = Canceled desc = context canceled, status: unknown, addr: localhost:9051 \n"
time="2024-02-20T00:03:58+08:00" level=error msg="Err processing proposal: rpc error: code = Canceled desc = context canceled, status: unknown, addr: localhost:9051 \n"
time="2024-02-20T00:03:58+08:00" level=error msg="Err processing proposal: rpc error: code = Canceled desc = context canceled, status: unknown, addr: localhost:9051 \n"
time="2024-02-20T00:03:58+08:00" level=error msg="Err processing proposal: rpc error: code = Canceled desc = context canceled, status: unknown, addr: localhost:9051 \n"
time="2024-02-20T00:03:58+08:00" level=error msg="Err processing proposal: rpc error: code = Canceled desc = context canceled, status: unknown, addr: localhost:9051 \n"
time="2024-02-20T00:03:58+08:00" level=error msg="Err processing proposal: rpc error: code = Canceled desc = context canceled, status: unknown, addr: localhost:7051 \n"
time="2024-02-20T00:03:58+08:00" level=error msg="Err processing proposal: rpc error: code = Canceled desc = context canceled, status: unknown, addr: localhost:7051 \n"
time="2024-02-20T00:03:58+08:00" level=error msg="Err processing proposal: rpc error: code = Canceled desc = context canceled, status: unknown, addr: localhost:9051 \n"
time="2024-02-20T00:03:58+08:00" level=error msg="Err processing proposal: rpc error: code = Canceled desc = context canceled, status: unknown, addr: localhost:7051 \n"
time="2024-02-20T00:03:58+08:00" level=error msg="Err processing proposal: rpc error: code = Canceled desc = context canceled, status: unknown, addr: localhost:9051 \n"
time="2024-02-20T00:03:58+08:00" level=error msg="Err processing proposal: rpc error: code = Canceled desc = context canceled, status: unknown, addr: localhost:9051 \n"
time="2024-02-20T00:03:58+08:00" level=error msg="Err processing proposal: rpc error: code = Canceled desc = context canceled, status: unknown, addr: localhost:9051 \n"
time="2024-02-20T00:03:58+08:00" level=error msg="Err processing proposal: rpc error: code = Canceled desc = context canceled, status: unknown, addr: localhost:9051 \n"
time="2024-02-20T00:03:58+08:00" level=error msg="Err processing proposal: rpc error: code = Canceled desc = context canceled, status: unknown, addr: localhost:9051 \n"
time="2024-02-20T00:03:58+08:00" level=error msg="Err processing proposal: rpc error: code = Canceled desc = context canceled, status: unknown, addr: localhost:9051 \n"
time="2024-02-20T00:03:58+08:00" level=error msg="Err processing proposal: rpc error: code = Canceled desc = context canceled, status: unknown, addr: localhost:9051 \n"
cessing proposal: %!s(<nil>), status: 500, message: failed to get user type: the user crkYIREa does not exist, addr: localhost:9051 \n"
time="2024-02-19T23:56:31+08:00" level=error msg="Err processing proposal: %!s(<nil>), status: 500, message: failed to get user type: the user KTez6Kyy does not exist, addr: localhost:9051 \n"
time="2024-02-19T23:56:31+08:00" level=error msg="Err processing proposal: %!s(<nil>), status: 500, message: failed to get user type: the user qgPn6fLp does not exist, addr: localhost:9051 \n"
time="2024-02-19T23:56:31+08:00" level=error msg="Err processing proposal: %!s(<nil>), status: 500, message: failed to get user type: the user S3jdD0Jq does not exist, addr: localhost:9051 \n"
time="2024-02-19T23:56:32+08:00" level=error msg="Err processing proposal: %!s(<nil>), status: 500, message: failed to get user type: the user ep7FsYam does not exist, addr: localhost:9051 \n"
time="2024-02-19T23:56:32+08:00" level=error msg="Err processing proposal: %!s(<nil>), status: 500, message: failed to get user type: the user uRoDVxcS does not exist, addr: localhost:7051 \n"
time="2024-02-19T23:56:32+08:00" level=error msg="Err processing proposal: %!s(<nil>), status: 500, message: failed to get user type: the user zgv3hHhM does not exist, addr: localhost:9051 \n"
time="2024-02-19T23:56:32+08:00" level=error msg="Err processing proposal: %!s(<nil>), status: 500, message: failed to get user type: the user bFWqvzta does not exist, addr: localhost:7051 \n"
time="2024-02-19T23:56:32+08:00" level=error msg="Err processing proposal: %!s(<nil>), status: 500, message: failed to get user type: the user wlK9mcaA does not exist, addr: localhost:7051 \n"
time="2024-02-19T23:56:32+08:00" level=error msg="Err processing proposal: %!s(<nil>), status: 500, message: failed to get user type: the user W6Nz2s6p does not exist, addr: localhost:9051 \n"
time="2024-02-19T23:56:32+08:00" level=error msg="Err processing proposal: %!s(<nil>), status: 500, message: failed to get user type: the user vsyhUfxe does not exist, addr: localhost:7051 \n"
time="2024-02-19T23:56:32+08:00" level=error msg="Err processing proposal: %!s(<nil>), status: 500, message: failed to get user type: the user Wglbk2gG does not exist, addr: localhost:7051 \n"
time="2024-02-19T23:56:32+08:00" level=error msg="Err processing proposal: %!s(<nil>), status: 500, message: failed to get user type: the user 0P2a5GmY does not exist, addr: localhost:9051 \n"
time="2024-02-19T23:56:32+08:00" level=error msg="Err processing proposal: %!s(<nil>), status: 500, message: failed to get user type: the user pgWy6em5 does not exist, addr: localhost:7051 \n"
time="2024-02-19T23:56:32+08:00" level=error msg="Err processing proposal: %!s(<nil>), status: 500, message: failed to get user type: the user UHsugICj does not exist, addr: localhost:7051 \n"
time="2024-02-19T23:56:32+08:00" level=error msg="Err processing proposal: %!s(<nil>), status: 500, message: failed to get user type: the user 4yOvQ6mO does not exist, addr: localhost:7051 \n"
time="2024-02-19T23:56:32+08:00" level=error msg="Err processing proposal: %!s(<nil>), status: 500, message: failed to get user type: the user lAv2J0Ep does not exist, addr: localhost:9051 \n"
time="2024-02-19T23:56:32+08:00" level=error msg="Err processing proposal: %!s(<nil>), status: 500, message: failed to get user type: the user UulkUYfZ does not exist, addr: localhost:9051 \n"
time="2024-02-19T23:56:32+08:00" level=error msg="Err processing proposal: %!s(<nil>), status: 500, message: failed to get user type: the user t3Inzepg does not exist, addr: localhost:9051 \n"
time="2024-02-19T23:56:32+08:00" level=error msg="Err processing proposal: %!s(<nil>), status: 500, message: failed to get user type: the user mPyD5Ixr does not exist, addr: localhost:9051 \n"
time="2024-02-19T23:56:32+08:00" level=error msg="Err processing proposal: %!s(<nil>), status: 500, message: failed to get user type: the user gTLfyCZX does not exist, addr: localhost:9051 \n"
time="2024-02-19T23:56:32+08:00" level=error msg="Err processing proposal: %!s(<nil>), status: 500, message: failed to get user type: the user hchbiwsQ does not exist, addr: localhost:9051 \n"
time="2024-02-19T23:56:32+08:00" level=error msg="Err processing proposal: %!s(<nil>), status: 500, message: failed to get user type: the user aa8HuiBB does not exist, addr: localhost:9051 \n"
time="2024-02-19T23:56:32+08:00" level=error msg="Err processing proposal: %!s(<nil>), status: 500, message: failed to get user type: the user a1X7sKWY does not exist, addr: localhost:9051 \n"
time="2024-02-19T23:56:32+08:00" level=error msg="Err processing proposal: %!s(<nil>), status: 500, message: failed to get user type: the user NFTjzkf4 does not exist, addr: localhost:9051 \n"
time="2024-02-19T23:56:32+08:00" level=error msg="Err processing proposal: %!s(<nil>), status: 500, message: failed to get user type: the user puHl0SLL does not exist, addr: localhost:9051 \n"
time="2024-02-19T23:56:32+08:00" level=error msg="Err processing proposal: %!s(<nil>), status: 500, message: failed to get user type: the user S3jdD0Jq does not exist, addr: localhost:7051 \n"
time="2024-02-19T23:56:32+08:00" level=error msg="Err processing proposal: %!s(<nil>), status: 500, message: failed to get user type: the user GH0cSRHd does not exist, addr: localhost:7051 \n"
time="2024-02-19T23:56:32+08:00" level=error msg="Err processing proposal: %!s(<nil>), status: 500, message: failed to get user type: the user tq2znpSX does not exist, addr: localhost:7051 \n"
time="2024-02-19T23:56:32+08:00" level=error msg="Err processing proposal: %!s(<nil>), status: 500, message: failed to get user type: the user aa8HuiBB does not exist, addr: localhost:7051 \n"
time="2024-02-19T23:56:32+08:00" level=error msg="Err processing proposal: %!s(<nil>), status: 500, message: failed to get user type: the user KAK3CD7z does not exist, addr: localhost:7051 \n"
time="2024-02-19T23:56:32+08:00" level=error msg="Err processing proposal: %!s(<nil>), status: 500, message: failed to get user type: the user crkYIREa does not exist, addr: localhost:7051 \n"
time="2024-02-19T23:56:32+08:00" level=error msg="Err processing proposal: %!s(<nil>), status: 500, message: failed to get user type: the user R6PCa8pO does not exist, addr: localhost:7051 \n"
time="2024-02-19T23:56:32+08:00" level=error msg="Err processing proposal: %!s(<nil>), status: 500, message: failed to get user type: the user Qj4c1rfH does not exist, addr: localhost:7051 \n"
time="2024-02-19T23:56:32+08:00" level=error msg="Err processing proposal: %!s(<nil>), status: 500, message: failed to get user type: the user CXFwyjuh does not exist, addr: localhost:9051 \n"
time="2024-02-19T23:56:32+08:00" level=error msg="Err processing proposal: %!s(<nil>), status: 500, message: failed to get user type: the user M7AVZUCQ does not exist, addr: localhost:9051 \n"
time="2024-02-19T23:56:32+08:00" level=error msg="Err processing proposal: %!s(<nil>), status: 500, message: failed to get user type: the user EzzQIYgH does not exist, addr: localhost:9051 \n"
time="2024-02-19T23:56:32+08:00" level=error msg="Err processing proposal: %!s(<nil>), status: 500, message: failed to get user type: the user eoykhoe8 does not exist, addr: localhost:9051 \n"
time="2024-02-19T23:56:32+08:00" level=error msg="Err processing proposal: %!s(<nil>), status: 500, message: failed to get user type: the user nBoO6nLh does not exist, addr: localhost:9051 \n"
time="2024-02-19T23:56:32+08:00" level=error msg="Err processing proposal: %!s(<nil>), status: 500, message: failed to get user type: the user eyJ7KWZC does not exist, addr: localhost:9051 \n"
time="2024-02-19T23:56:32+08:00" level=error msg="Err processing proposal: %!s(<nil>), status: 500, message: failed to get user type: the user KZdI33Pf does not exist, addr: localhost:9051 \n"
time="2024-02-19T23:56:32+08:00" level=error msg="Err processing proposal: %!s(<nil>), status: 500, message: failed to get user type: the user VNaalKvy does not exist, addr: localhost:9051 \n"
time="2024-02-19T23:56:32+08:00" level=error msg="Err processing proposal: %!s(<nil>), status: 500, message: failed to get user type: the user pKJWJUeZ does not exist, addr: localhost:9051 \n"
time="2024-02-19T23:56:32+08:00" level=error msg="Err processing proposal: %!s(<nil>), status: 500, message: failed to get user type: the user znEOpOWQ does not exist, addr: localhost:7051 \n"
time="2024-02-19T23:56:32+08:00" level=error msg="Err processing proposal: %!s(<nil>), status: 500, message: failed to get user type: the user XVWGqa4u does not exist, addr: localhost:7051 \n"
time="2024-02-19T23:56:32+08:00" level=error msg="Err processing proposal: %!s(<nil>), status: 500, message: failed to get user type: the user 1RCJFiId does not exist, addr: localhost:7051 \n"
time="2024-02-19T23:56:32+08:00" level=error msg="Err processing proposal: %!s(<nil>), status: 500, message: failed to get user type: the user XvKKfNN5 does not exist, addr: localhost:9051 \n"
time="2024-02-19T23:56:32+08:00" level=error msg="Err processing proposal: %!s(<nil>), status: 500, message: failed to get user type: the user qUrwfG89 does not exist, addr: localhost:9051 \n"
time="2024-02-19T23:56:32+08:00" level=error msg="Err processing proposal: %!s(<nil>), status: 500, message: failed to get user type: the user wSCJ0P0V does not exist, addr: localhost:9051 \n"
time="2024-02-19T23:56:32+08:00" level=error msg="Err processing proposal: %!s(<nil>), status: 500, message: failed to get user type: the user 8G2ofi6j does not exist, addr: localhost:9051 \n"
time="2024-02-19T23:56:32+08:00" level=error msg="Err processing proposal: %!s(<nil>), status: 500, message: failed to get user type: the user qFcFh5M9 does not exist, addr: localhost:9051 \n"
time="2024-02-19T23:56:32+08:00" level=error msg="Err processing proposal: %!s(<nil>), status: 500, message: failed to get user type: the user eIdxdm3L does not exist, addr: localhost:9051 \n"
time="2024-02-19T23:56:32+08:00" level=error msg="Err processing proposal: %!s(<nil>), status: 500, message: failed to get user type: the user r9kWrYwN does not exist, addr: localhost:9051 \n"
time="2024-02-19T23:56:32+08:00" level=error msg="Err processing proposal: %!s(<nil>), status: 500, message: failed to get user type: the user hkuUs6rb does not exist, addr: localhost:9051 \n"
time="2024-02-19T23:56:32+08:00" level=error msg="Err processing proposal: %!s(<nil>), status: 500, message: failed to get user type: the user gobuE4oS does not exist, addr: localhost:9051 \n"
time="2024-02-19T23:56:32+08:00" level=error msg="Err processing proposal: %!s(<nil>), status: 500, message: failed to get user type: the user a1SOBO6N does not exist, addr: localhost:9051 \n"
time="2024-02-19T23:56:32+08:00" level=error msg="Err processing proposal: %!s(<nil>), status: 500, message: failed to get user type: the user UW66cbG9 does not exist, addr: localhost:7051 \n"
time="2024-02-19T23:56:32+08:00" level=error msg="Err processing proposal: %!s(<nil>), status: 500, message: failed to get user type: the user swnjitX1 does not exist, addr: localhost:9051 \n"
time="2024-02-19T23:56:32+08:00" level=error msg="Err processing proposal: %!s(<nil>), status: 500, message: failed to get user type: the user yNvaF0en does not exist, addr: localhost:9051 \n"
time="2024-02-19T23:56:32+08:00" level=error msg="Err processing proposal: %!s(<nil>), status: 500, message: failed to get user type: the user 8QwkOj8D does not exist, addr: localhost:7051 \n"
time="2024-02-19T23:56:32+08:00" level=error msg="Err processing proposal: %!s(<nil>), status: 500, message: failed to get user type: the user aN8c2qWK does not exist, addr: localhost:9051 \n"
time="2024-02-19T23:56:32+08:00" level=error msg="Err processing proposal: %!s(<nil>), status: 500, message: failed to get user type: the user i0e8Ocnj does not exist, addr: localhost:9051 \n"
time="2024-02-19T23:56:32+08:00" level=error msg="Err processing proposal: %!s(<nil>), status: 500, message: failed to get user type: the user hUfWawBH does not exist, addr: localhost:7051 \n"
time="2024-02-19T23:56:32+08:00" level=error msg="Err processing proposal: %!s(<nil>), status: 500, message: failed to get user type: the user fhPQ9mKX does not exist, addr: localhost:9051 \n"
time="2024-02-19T23:56:32+08:00" level=error msg="Err processing proposal: %!s(<nil>), status: 500, message: failed to get user type: the user PiN2u6P1 does not exist, addr: localhost:9051 \n"
time="2024-02-19T23:56:32+08:00" level=error msg="Err processing proposal: %!s(<nil>), status: 500, message: failed to get user type: the user GsVv6ZPG does not exist, addr: localhost:7051 \n"
time="2024-02-19T23:56:32+08:00" level=error msg="Err processing proposal: %!s(<nil>), status: 500, message: failed to get user type: the user Z0xIqemn does not exist, addr: localhost:9051 \n"
time="2024-02-19T23:56:32+08:00" level=error msg="Err processing proposal: %!s(<nil>), status: 500, message: failed to get user type: the user l0ZHYvXH does not exist, addr: localhost:9051 \n"
time="2024-02-19T23:56:32+08:00" level=error msg="Err processing proposal: %!s(<nil>), status: 500, message: failed to get user type: the user 7AYOtfPX does not exist, addr: localhost:9051 \n"
time="2024-02-19T23:56:32+08:00" level=error msg="Err processing proposal: %!s(<nil>), status: 500, message: failed to get user type: the user fEAB2sO0 does not exist, addr: localhost:9051 \n"
time="2024-02-19T23:56:32+08:00" level=error msg="Err processing proposal: %!s(<nil>), status: 500, message: failed to get user type: the user Gg1rr6qm does not exist, addr: localhost:9051 \n"
time="2024-02-19T23:56:32+08:00" level=error msg="Err processing proposal: %!s(<nil>), status: 500, message: failed to get user type: the user v5khjl3G does not exist, addr: localhost:7051 \n"
time="2024-02-19T23:56:32+08:00" level=error msg="Err processing proposal: %!s(<nil>), status: 500, message: failed to get user type: the user 08XSJkuG does not exist, addr: localhost:9051 \n"
time="2024-02-19T23:56:32+08:00" level=error msg="Err processing proposal: %!s(<nil>), status: 500, message: failed to get user type: the user ciblW0y2 does not exist, addr: localhost:9051 \n"
time="2024-02-19T23:56:32+08:00" level=error msg="Err processing proposal: %!s(<nil>), status: 500, message: failed to get user type: the user 6bpcB66x does not exist, addr: localhost:9051 \n"
time="2024-02-19T23:56:32+08:00" level=error msg="Err processing proposal: %!s(<nil>), status: 500, message: failed to get user type: the user 5LQDtxhR does not exist, addr: localhost:9051 \n"
time="2024-02-19T23:56:32+08:00" level=error msg="Err processing proposal: %!s(<nil>), status: 500, message: failed to get user type: the user EBSWjPI5 does not exist, addr: localhost:9051 \n"
time="2024-02-19T23:56:32+08:00" level=error msg="Err processing proposal: %!s(<nil>), status: 500, message: failed to get user type: the user tQ1Nc1qy does not exist, addr: localhost:9051 \n"
time="2024-02-19T23:56:32+08:00" level=error msg="Err processing proposal: %!s(<nil>), status: 500, message: failed to get user type: the user b9s0G1XF does not exist, addr: localhost:9051 \n"
time="2024-02-19T23:56:32+08:00" level=error msg="Err processing proposal: %!s(<nil>), status: 500, message: failed to get user type: the user cRqzlusP does not exist, addr: localhost:9051 \n"
time="2024-02-19T23:56:32+08:00" level=error msg="Err processing proposal: %!s(<nil>), status: 500, message: failed to get user type: the user myObCAgO does not exist, addr: localhost:9051 \n"
time="2024-02-19T23:56:32+08:00" level=error msg="Err processing proposal: %!s(<nil>), status: 500, message: failed to get user type: the user 7W7xi7LH does not exist, addr: localhost:9051 \n"
time="2024-02-19T23:56:32+08:00" level=error msg="Err processing proposal: %!s(<nil>), status: 500, message: failed to get user type: the user QCHVejZc does not exist, addr: localhost:9051 \n"
time="2024-02-19T23:56:32+08:00" level=error msg="Err processing proposal: %!s(<nil>), status: 500, message: failed to get user type: the user 6Ms0Ng0Q does not exist, addr: localhost:9051 \n"
time="2024-02-19T23:56:32+08:00" level=error msg="Err processing proposal: %!s(<nil>), status: 500, message: failed to get user type: the user OBJAbmGp does not exist, addr: localhost:9051 \n"
time="2024-02-19T23:56:32+08:00" level=error msg="Err processing proposal: %!s(<nil>), status: 500, message: failed to get user type: the user Out3LDfO does not exist, addr: localhost:9051 \n"
time="2024-02-19T23:56:32+08:00" level=error msg="Err processing proposal: %!s(<nil>), status: 500, message: failed to get user type: the user uXuWNu7U does not exist, addr: localhost:9051 \n"
time="2024-02-19T23:56:32+08:00" level=error msg="Err processing proposal: %!s(<nil>), status: 500, message: failed to get user type: the user T2zW3bDH does not exist, addr: localhost:9051 \n"
time="2024-02-19T23:56:32+08:00" level=error msg="Err processing proposal: %!s(<nil>), status: 500, message: failed to get user type: the user kDx3dgTm does not exist, addr: localhost:7051 \n"
time="2024-02-19T23:56:32+08:00" level=error msg="Err processing proposal: %!s(<nil>), status: 500, message: failed to get user type: the user zgv3hHhM does not exist, addr: localhost:7051 \n"
time="2024-02-19T23:56:32+08:00" level=error msg="Err processing proposal: %!s(<nil>), status: 500, message: failed to get user type: the user KTez6Kyy does not exist, addr: localhost:7051 \n"
time="2024-02-19T23:56:32+08:00" level=error msg="Err processing proposal: %!s(<nil>), status: 500, message: failed to get user type: the user lAv2J0Ep does not exist, addr: localhost:7051 \n"
time="2024-02-19T23:56:32+08:00" level=error msg="Err processing proposal: %!s(<nil>), status: 500, message: failed to get user type: the user X6wtKe05 does not exist, addr: localhost:7051 \n"
time="2024-02-19T23:56:32+08:00" level=error msg="Err processing proposal: %!s(<nil>), status: 500, message: failed to get user type: the user StGuj6Pr does not exist, addr: localhost:7051 \n"
time="2024-02-19T23:56:32+08:00" level=error msg="Err processing proposal: %!s(<nil>), status: 500, message: failed to get user type: the user mh1ASJtl does not exist, addr: localhost:7051 \n"
time="2024-02-19T23:56:32+08:00" level=error msg="Err processing proposal: %!s(<nil>), status: 500, message: failed to get user type: the user 9e52UNTP does not exist, addr: localhost:7051 \n"
time="2024-02-19T23:56:32+08:00" level=error msg="Err processing proposal: %!s(<nil>), status: 500, message: failed to get user type: the user 6RVo87Zd does not exist, addr: localhost:7051 \n"
time="2024-02-19T23:56:32+08:00" level=error msg="Err processing proposal: %!s(<nil>), status: 500, message: failed to get user type: the user ep7FsYam does not exist, addr: localhost:7051 \n"
time="2024-02-19T23:56:32+08:00" level=error msg="Err processing proposal: %!s(<nil>), status: 500, message: failed to get user type: the user TIKVbALc does not exist, addr: localhost:7051 \n"
time="2024-02-19T23:56:32+08:00" level=error msg="Err processing proposal: %!s(<nil>), status: 500, message: failed to get user type: the user ldrtKR8P does not exist, addr: localhost:7051 \n"
time="2024-02-19T23:56:32+08:00" level=error msg="Err processing proposal: %!s(<nil>), status: 500, message: failed to get user type: the user qgPn6fLp does not exist, addr: localhost:7051 \n"
time="2024-02-19T23:56:32+08:00" level=error msg="Err processing proposal: %!s(<nil>), status: 500, message: failed to get user type: the user a1X7sKWY does not exist, addr: localhost:7051 \n"
time="2024-02-19T23:56:32+08:00" level=error msg="Err processing proposal: %!s(<nil>), status: 500, message: failed to get user type: the user Y34OuP7j does not exist, addr: localhost:7051 \n"
time="2024-02-19T23:56:32+08:00" level=error msg="Err processing proposal: %!s(<nil>), status: 500, message: failed to get user type: the user EzzQIYgH does not exist, addr: localhost:7051 \n"
time="2024-02-19T23:56:32+08:00" level=error msg="Err processing proposal: %!s(<nil>), status: 500, message: failed to get user type: the user mJaKg0pL does not exist, addr: localhost:7051 \n"
time="2024-02-19T23:56:32+08:00" level=error msg="Err processing proposal: %!s(<nil>), status: 500, message: failed to get user type: the user UulkUYfZ does not exist, addr: localhost:7051 \n"
time="2024-02-19T23:56:32+08:00" level=error msg="Err processing proposal: %!s(<nil>), status: 500, message: failed to get user type: the user W6Nz2s6p does not exist, addr: localhost:7051 \n"
time="2024-02-19T23:56:32+08:00" level=error msg="Err processing proposal: %!s(<nil>), status: 500, message: failed to get user type: the user pKJWJUeZ does not exist, addr: localhost:7051 \n"
time="2024-02-19T23:56:32+08:00" level=error msg="Err processing proposal: %!s(<nil>), status: 500, message: failed to get user type: the user Out3LDfO does not exist, addr: localhost:7051 \n"
time="2024-02-19T23:56:32+08:00" level=error msg="Err processing proposal: %!s(<nil>), status: 500, message: failed to get user type: the user 0P2a5GmY does not exist, addr: localhost:7051 \n"
time="2024-02-19T23:56:32+08:00" level=error msg="Err processing proposal: %!s(<nil>), status: 500, message: failed to get user type: the user VNaalKvy does not exist, addr: localhost:7051 \n"
time="2024-02-19T23:56:32+08:00" level=error msg="Err processing proposal: %!s(<nil>), status: 500, message: failed to get user type: the user 6bpcB66x does not exist, addr: localhost:7051 \n"
time="2024-02-19T23:56:32+08:00" level=error msg="Err processing proposal: %!s(<nil>), status: 500, message: failed to get user type: the user cRqzlusP does not exist, addr: localhost:7051 \n"
time="2024-02-19T23:56:32+08:00" level=error msg="Err processing proposal: %!s(<nil>), status: 500, message: failed to get user type: the user myObCAgO does not exist, addr: localhost:7051 \n"
time="2024-02-19T23:56:32+08:00" level=error msg="Err processing proposal: %!s(<nil>), status: 500, message: failed to get user type: the user gTLfyCZX does not exist, addr: localhost:7051 \n"
time="2024-02-19T23:56:32+08:00" level=error msg="Err processing proposal: %!s(<nil>), status: 500, message: failed to get user type: the user eIdxdm3L does not exist, addr: localhost:7051 \n"
time="2024-02-19T23:56:32+08:00" level=error msg="Err processing proposal: %!s(<nil>), status: 500, message: failed to get user type: the user wSCJ0P0V does not exist, addr: localhost:7051 \n"
time="2024-02-19T23:56:32+08:00" level=error msg="Err processing proposal: %!s(<nil>), status: 500, message: failed to get user type: the user l0ZHYvXH does not exist, addr: localhost:7051 \n"
time="2024-02-19T23:56:32+08:00" level=error msg="Err processing proposal: %!s(<nil>), status: 500, message: failed to get user type: the user M7AVZUCQ does not exist, addr: localhost:7051 \n"
time="2024-02-19T23:56:32+08:00" level=error msg="Err processing proposal: %!s(<nil>), status: 500, message: failed to get user type: the user swnjitX1 does not exist, addr: localhost:7051 \n"
time="2024-02-19T23:56:32+08:00" level=error msg="Err processing proposal: %!s(<nil>), status: 500, message: failed to get user type: the user yNvaF0en does not exist, addr: localhost:7051 \n"
time="2024-02-19T23:56:32+08:00" level=error msg="Err processing proposal: %!s(<nil>), status: 500, message: failed to get user type: the user fhPQ9mKX does not exist, addr: localhost:7051 \n"
time="2024-02-19T23:56:32+08:00" level=error msg="Err processing proposal: %!s(<nil>), status: 500, message: failed to get user type: the user 3Ve8y7Vt does not exist, addr: localhost:7051 \n"
time="2024-02-19T23:56:32+08:00" level=error msg="Err processing proposal: %!s(<nil>), status: 500, message: failed to get user type: the user Z0xIqemn does not exist, addr: localhost:7051 \n"
time="2024-02-19T23:56:32+08:00" level=error msg="Err processing proposal: %!s(<nil>), status: 500, message: failed to get user type: the user puHl0SLL does not exist, addr: localhost:7051 \n"
time="2024-02-19T23:56:32+08:00" level=error msg="Err processing proposal: %!s(<nil>), status: 500, message: failed to get user type: the user bu2jtfcr does not exist, addr: localhost:7051 \n"
time="2024-02-19T23:56:32+08:00" level=error msg="Err processing proposal: %!s(<nil>), status: 500, message: failed to get user type: the user QCHVejZc does not exist, addr: localhost:7051 \n"
time="2024-02-19T23:56:32+08:00" level=error msg="Err processing proposal: %!s(<nil>), status: 500, message: failed to get user type: the user tQ1Nc1qy does not exist, addr: localhost:7051 \n"
time="2024-02-19T23:56:32+08:00" level=error msg="Err processing proposal: %!s(<nil>), status: 500, message: failed to get user type: the user KZdI33Pf does not exist, addr: localhost:7051 \n"
time="2024-02-19T23:56:32+08:00" level=error msg="Err processing proposal: %!s(<nil>), status: 500, message: failed to get user type: the user i0e8Ocnj does not exist, addr: localhost:7051 \n"
time="2024-02-19T23:56:32+08:00" level=error msg="Err processing proposal: %!s(<nil>), status: 500, message: failed to get user type: the user T2zW3bDH does not exist, addr: localhost:7051 \n"
time="2024-02-19T23:56:32+08:00" level=error msg="Err processing proposal: %!s(<nil>), status: 500, message: failed to get user type: the user XvKKfNN5 does not exist, addr: localhost:7051 \n"
time="2024-02-19T23:56:32+08:00" level=error msg="Err processing proposal: %!s(<nil>), status: 500, message: failed to get user type: the user aN8c2qWK does not exist, addr: localhost:7051 \n"
time="2024-02-19T23:56:32+08:00" level=error msg="Err processing proposal: %!s(<nil>), status: 500, message: failed to get user type: the user uXuWNu7U does not exist, addr: localhost:7051 \n"
time="2024-02-19T23:56:32+08:00" level=error msg="Err processing proposal: %!s(<nil>), status: 500, message: failed to get user type: the user 7AYOtfPX does not exist, addr: localhost:7051 \n"
time="2024-02-19T23:56:32+08:00" level=error msg="Err processing proposal: %!s(<nil>), status: 500, message: failed to get user type: the user OBJAbmGp does not exist, addr: localhost:7051 \n"
time="2024-02-19T23:56:32+08:00" level=error msg="Err processing proposal: %!s(<nil>), status: 500, message: failed to get user type: the user a1SOBO6N does not exist, addr: localhost:7051 \n"
time="2024-02-19T23:56:32+08:00" level=error msg="Err processing proposal: %!s(<nil>), status: 500, message: failed to get user type: the user fEAB2sO0 does not exist, addr: localhost:7051 \n"
time="2024-02-19T23:56:32+08:00" level=error msg="Err processing proposal: %!s(<nil>), status: 500, message: failed to get user type: the user hchbiwsQ does not exist, addr: localhost:7051 \n"
time="2024-02-19T23:56:32+08:00" level=error msg="Err processing proposal: %!s(<nil>), status: 500, message: failed to get user type: the user eyJ7KWZC does not exist, addr: localhost:7051 \n"
time="2024-02-19T23:56:32+08:00" level=error msg="Err processing proposal: %!s(<nil>), status: 500, message: failed to get user type: the user 8G2ofi6j does not exist, addr: localhost:7051 \n"
time="2024-02-19T23:56:32+08:00" level=error msg="Err processing proposal: %!s(<nil>), status: 500, message: failed to get user type: the user qUrwfG89 does not exist, addr: localhost:7051 \n"
time="2024-02-19T23:56:32+08:00" level=error msg="Err processing proposal: %!s(<nil>), status: 500, message: failed to get user type: the user gobuE4oS does not exist, addr: localhost:7051 \n"
time="2024-02-19T23:56:32+08:00" level=error msg="Err processing proposal: %!s(<nil>), status: 500, message: failed to get user type: the user ciblW0y2 does not exist, addr: localhost:7051 \n"
time="2024-02-19T23:56:32+08:00" level=error msg="Err processing proposal: %!s(<nil>), status: 500, message: failed to get user type: the user Gg1rr6qm does not exist, addr: localhost:7051 \n"
time="2024-02-19T23:56:32+08:00" level=error msg="Err processing proposal: %!s(<nil>), status: 500, message: failed to get user type: the user hkuUs6rb does not exist, addr: localhost:7051 \n"
time="2024-02-19T23:56:32+08:00" level=error msg="Err processing proposal: %!s(<nil>), status: 500, message: failed to get user type: the user EBSWjPI5 does not exist, addr: localhost:7051 \n"
time="2024-02-19T23:56:32+08:00" level=error msg="Err processing proposal: %!s(<nil>), status: 500, message: failed to get user type: the user t3Inzepg does not exist, addr: localhost:7051 \n"
time="2024-02-19T23:56:32+08:00" level=error msg="Err processing proposal: %!s(<nil>), status: 500, message: failed to get user type: the user hMrL8lw1 does not exist, addr: localhost:7051 \n"
time="2024-02-19T23:56:32+08:00" level=error msg="Err processing proposal: %!s(<nil>), status: 500, message: failed to get user type: the user nBoO6nLh does not exist, addr: localhost:7051 \n"
time="2024-02-19T23:56:32+08:00" level=error msg="Err processing proposal: %!s(<nil>), status: 500, message: failed to get user type: the user eoykhoe8 does not exist, addr: localhost:7051 \n"
time="2024-02-19T23:56:32+08:00" level=error msg="Err processing proposal: %!s(<nil>), status: 500, message: failed to get user type: the user 5LQDtxhR does not exist, addr: localhost:7051 \n"
time="2024-02-19T23:56:32+08:00" level=error msg="Err processing proposal: %!s(<nil>), status: 500, message: failed to get user type: the user 6Ms0Ng0Q does not exist, addr: localhost:7051 \n"
time="2024-02-19T23:56:32+08:00" level=error msg="Err processing proposal: %!s(<nil>), status: 500, message: failed to get user type: the user PiN2u6P1 does not exist, addr: localhost:7051 \n"
time="2024-02-19T23:56:32+08:00" level=error msg="Err processing proposal: %!s(<nil>), status: 500, message: failed to get user type: the user 08XSJkuG does not exist, addr: localhost:7051 \n"
time="2024-02-19T23:56:32+08:00" level=error msg="Err processing proposal: %!s(<nil>), status: 500, message: failed to get user type: the user qFcFh5M9 does not exist, addr: localhost:7051 \n"
time="2024-02-19T23:56:32+08:00" level=error msg="Err processing proposal: %!s(<nil>), status: 500, message: failed to get user type: the user 7W7xi7LH does not exist, addr: localhost:7051 \n"
time="2024-02-19T23:56:32+08:00" level=error msg="Err processing proposal: %!s(<nil>), status: 500, message: failed to get user type: the user CXFwyjuh does not exist, addr: localhost:7051 \n"
time="2024-02-19T23:56:32+08:00" level=error msg="Err processing proposal: %!s(<nil>), status: 500, message: failed to get user type: the user UBuozKDY does not exist, addr: localhost:7051 \n"
time="2024-02-19T23:56:32+08:00" level=error msg="Err processing proposal: %!s(<nil>), status: 500, message: failed to get user type: the user mPyD5Ixr does not exist, addr: localhost:7051 \n"
time="2024-02-19T23:56:32+08:00" level=error msg="Err processing proposal: %!s(<nil>), status: 500, message: failed to get user type: the user b9s0G1XF does not exist, addr: localhost:7051 \n"
time="2024-02-19T23:56:32+08:00" level=error msg="Err processing proposal: %!s(<nil>), status: 500, message: failed to get user type: the user NFTjzkf4 does not exist, addr: localhost:7051 \n"
time="2024-02-19T23:56:32+08:00" level=error msg="Err processing proposal: %!s(<nil>), status: 500, message: failed to get user type: the user r9kWrYwN does not exist, addr: localhost:7051 \n"
